2025-05-22 04:44:43,808 - fuel_prices_scraper - INFO - Rozpoczynam pobieranie cen paliw
2025-05-22 04:44:43,808 - fuel_prices_scraper - INFO - Pobieranie daty z krajowej strony cen paliw
2025-05-22 04:44:44,933 - fuel_prices_scraper - INFO - Znaleziono datę krajową: 2025-05-15
2025-05-22 04:44:44,933 - fuel_prices_scraper - INFO - Pobieranie danych dla województwa: dolnoslaskie
2025-05-22 04:44:45,853 - fuel_prices_scraper - INFO - Znaleziono cenę dla PB95: 5.72
2025-05-22 04:44:45,854 - fuel_prices_scraper - INFO - Znaleziono cenę dla PB98: 6.53
2025-05-22 04:44:45,854 - fuel_prices_scraper - INFO - Znaleziono cenę dla ON: 5.82
2025-05-22 04:44:45,854 - fuel_prices_scraper - INFO - Znaleziono cenę dla LPG: 3.03
2025-05-22 04:44:45,854 - fuel_prices_scraper - INFO - Pobieranie danych dla województwa: kujawsko-pomorskie
2025-05-22 04:44:46,831 - fuel_prices_scraper - INFO - Znaleziono cenę dla PB95: 5.83
2025-05-22 04:44:46,831 - fuel_prices_scraper - INFO - Znaleziono cenę dla PB98: 6.65
2025-05-22 04:44:46,831 - fuel_prices_scraper - INFO - Znaleziono cenę dla ON: 5.87
2025-05-22 04:44:46,831 - fuel_prices_scraper - INFO - Znaleziono cenę dla LPG: 3.03
2025-05-22 04:44:46,831 - fuel_prices_scraper - INFO - Pobieranie danych dla województwa: lubelskie
2025-05-22 04:44:47,784 - fuel_prices_scraper - INFO - Znaleziono cenę dla PB95: 5.84
2025-05-22 04:44:47,784 - fuel_prices_scraper - INFO - Znaleziono cenę dla PB98: 6.66
2025-05-22 04:44:47,785 - fuel_prices_scraper - INFO - Znaleziono cenę dla ON: 5.86
2025-05-22 04:44:47,785 - fuel_prices_scraper - INFO - Znaleziono cenę dla LPG: 2.97
2025-05-22 04:44:47,785 - fuel_prices_scraper - INFO - Pobieranie danych dla województwa: lubuskie
2025-05-22 04:44:48,767 - fuel_prices_scraper - INFO - Znaleziono cenę dla PB95: 5.68
2025-05-22 04:44:48,767 - fuel_prices_scraper - INFO - Znaleziono cenę dla PB98: 6.36
2025-05-22 04:44:48,767 - fuel_prices_scraper - INFO - Znaleziono cenę dla ON: 5.65
2025-05-22 04:44:48,767 - fuel_prices_scraper - INFO - Znaleziono cenę dla LPG: 3.05
2025-05-22 04:44:48,768 - fuel_prices_scraper - INFO - Pobieranie danych dla województwa: lodzkie
2025-05-22 04:44:49,673 - fuel_prices_scraper - INFO - Znaleziono cenę dla PB95: 5.68
2025-05-22 04:44:49,673 - fuel_prices_scraper - INFO - Znaleziono cenę dla PB98: 6.4
2025-05-22 04:44:49,674 - fuel_prices_scraper - INFO - Znaleziono cenę dla ON: 5.67
2025-05-22 04:44:49,674 - fuel_prices_scraper - INFO - Znaleziono cenę dla LPG: 2.9
2025-05-22 04:44:49,674 - fuel_prices_scraper - INFO - Pobieranie danych dla województwa: malopolskie
2025-05-22 04:44:50,632 - fuel_prices_scraper - INFO - Znaleziono cenę dla PB95: 5.64
2025-05-22 04:44:50,633 - fuel_prices_scraper - INFO - Znaleziono cenę dla PB98: 6.44
2025-05-22 04:44:50,633 - fuel_prices_scraper - INFO - Znaleziono cenę dla ON: 5.69
2025-05-22 04:44:50,633 - fuel_prices_scraper - INFO - Znaleziono cenę dla LPG: 2.82
2025-05-22 04:44:50,633 - fuel_prices_scraper - INFO - Pobieranie danych dla województwa: mazowieckie
2025-05-22 04:44:51,586 - fuel_prices_scraper - INFO - Znaleziono cenę dla PB95: 5.92
2025-05-22 04:44:51,586 - fuel_prices_scraper - INFO - Znaleziono cenę dla PB98: 6.71
2025-05-22 04:44:51,587 - fuel_prices_scraper - INFO - Znaleziono cenę dla ON: 5.89
2025-05-22 04:44:51,587 - fuel_prices_scraper - INFO - Znaleziono cenę dla LPG: 2.98
2025-05-22 04:44:51,587 - fuel_prices_scraper - INFO - Pobieranie danych dla województwa: opolskie
2025-05-22 04:44:52,486 - fuel_prices_scraper - INFO - Znaleziono cenę dla PB95: 5.77
2025-05-22 04:44:52,486 - fuel_prices_scraper - INFO - Znaleziono cenę dla PB98: 6.52
2025-05-22 04:44:52,486 - fuel_prices_scraper - INFO - Znaleziono cenę dla ON: 5.83
2025-05-22 04:44:52,486 - fuel_prices_scraper - INFO - Znaleziono cenę dla LPG: 2.99
2025-05-22 04:44:52,486 - fuel_prices_scraper - INFO - Pobieranie danych dla województwa: podkarpackie
2025-05-22 04:44:53,457 - fuel_prices_scraper - INFO - Znaleziono cenę dla PB95: 5.66
2025-05-22 04:44:53,457 - fuel_prices_scraper - INFO - Znaleziono cenę dla PB98: 6.45
2025-05-22 04:44:53,457 - fuel_prices_scraper - INFO - Znaleziono cenę dla ON: 5.69
2025-05-22 04:44:53,458 - fuel_prices_scraper - INFO - Znaleziono cenę dla LPG: 2.93
2025-05-22 04:44:53,458 - fuel_prices_scraper - INFO - Pobieranie danych dla województwa: podlaskie
2025-05-22 04:44:54,344 - fuel_prices_scraper - INFO - Znaleziono cenę dla PB95: 5.88
2025-05-22 04:44:54,344 - fuel_prices_scraper - INFO - Znaleziono cenę dla PB98: 6.66
2025-05-22 04:44:54,344 - fuel_prices_scraper - INFO - Znaleziono cenę dla ON: 5.89
2025-05-22 04:44:54,344 - fuel_prices_scraper - INFO - Znaleziono cenę dla LPG: 3.0
2025-05-22 04:44:54,345 - fuel_prices_scraper - INFO - Pobieranie danych dla województwa: pomorskie
2025-05-22 04:44:55,287 - fuel_prices_scraper - INFO - Znaleziono cenę dla PB95: 5.74
2025-05-22 04:44:55,287 - fuel_prices_scraper - INFO - Znaleziono cenę dla PB98: 6.53
2025-05-22 04:44:55,287 - fuel_prices_scraper - INFO - Znaleziono cenę dla ON: 5.85
2025-05-22 04:44:55,288 - fuel_prices_scraper - INFO - Znaleziono cenę dla LPG: 2.91
2025-05-22 04:44:55,288 - fuel_prices_scraper - INFO - Pobieranie danych dla województwa: slaskie
2025-05-22 04:44:56,284 - fuel_prices_scraper - INFO - Znaleziono cenę dla PB95: 5.68
2025-05-22 04:44:56,284 - fuel_prices_scraper - INFO - Znaleziono cenę dla PB98: 6.45
2025-05-22 04:44:56,284 - fuel_prices_scraper - INFO - Znaleziono cenę dla ON: 5.73
2025-05-22 04:44:56,285 - fuel_prices_scraper - INFO - Znaleziono cenę dla LPG: 2.83
2025-05-22 04:44:56,285 - fuel_prices_scraper - INFO - Pobieranie danych dla województwa: swietokrzyskie
2025-05-22 04:44:57,206 - fuel_prices_scraper - INFO - Znaleziono cenę dla PB95: 5.77
2025-05-22 04:44:57,206 - fuel_prices_scraper - INFO - Znaleziono cenę dla PB98: 6.45
2025-05-22 04:44:57,207 - fuel_prices_scraper - INFO - Znaleziono cenę dla ON: 5.77
2025-05-22 04:44:57,207 - fuel_prices_scraper - INFO - Znaleziono cenę dla LPG: 2.86
2025-05-22 04:44:57,207 - fuel_prices_scraper - INFO - Pobieranie danych dla województwa: warminsko-mazurskie
2025-05-22 04:44:58,155 - fuel_prices_scraper - INFO - Znaleziono cenę dla PB95: 5.7
2025-05-22 04:44:58,155 - fuel_prices_scraper - INFO - Znaleziono cenę dla PB98: 6.37
2025-05-22 04:44:58,155 - fuel_prices_scraper - INFO - Znaleziono cenę dla ON: 5.68
2025-05-22 04:44:58,155 - fuel_prices_scraper - INFO - Znaleziono cenę dla LPG: 2.84
2025-05-22 04:44:58,156 - fuel_prices_scraper - INFO - Pobieranie danych dla województwa: wielkopolskie
2025-05-22 04:44:59,106 - fuel_prices_scraper - INFO - Znaleziono cenę dla PB95: 5.74
2025-05-22 04:44:59,106 - fuel_prices_scraper - INFO - Znaleziono cenę dla PB98: 6.55
2025-05-22 04:44:59,107 - fuel_prices_scraper - INFO - Znaleziono cenę dla ON: 5.8
2025-05-22 04:44:59,107 - fuel_prices_scraper - INFO - Znaleziono cenę dla LPG: 2.92
2025-05-22 04:44:59,107 - fuel_prices_scraper - INFO - Pobieranie danych dla województwa: zachodniopomorskie
2025-05-22 04:45:00,031 - fuel_prices_scraper - INFO - Znaleziono cenę dla PB95: 5.7
2025-05-22 04:45:00,031 - fuel_prices_scraper - INFO - Znaleziono cenę dla PB98: 6.47
2025-05-22 04:45:00,032 - fuel_prices_scraper - INFO - Znaleziono cenę dla ON: 5.7
2025-05-22 04:45:00,032 - fuel_prices_scraper - INFO - Znaleziono cenę dla LPG: 3.05
2025-05-22 04:45:00,033 - fuel_prices_scraper - INFO - Dane zostały zapisane do pliku data/latest.json
2025-05-23 04:42:32,262 - fuel_prices_scraper - INFO - Rozpoczynam pobieranie cen paliw
2025-05-23 04:42:32,262 - fuel_prices_scraper - INFO - Pobieranie daty z krajowej strony cen paliw
2025-05-23 04:42:33,604 - fuel_prices_scraper - INFO - Znaleziono datę krajową: 2025-05-15
2025-05-23 04:42:33,604 - fuel_prices_scraper - INFO - Pobieranie danych dla województwa: dolnoslaskie
2025-05-23 04:42:34,760 - fuel_prices_scraper - INFO - Znaleziono cenę dla PB95: 5.72
2025-05-23 04:42:34,760 - fuel_prices_scraper - INFO - Znaleziono cenę dla PB98: 6.53
2025-05-23 04:42:34,760 - fuel_prices_scraper - INFO - Znaleziono cenę dla ON: 5.82
2025-05-23 04:42:34,760 - fuel_prices_scraper - INFO - Znaleziono cenę dla LPG: 3.03
2025-05-23 04:42:34,760 - fuel_prices_scraper - INFO - Pobieranie danych dla województwa: kujawsko-pomorskie
2025-05-23 04:42:35,888 - fuel_prices_scraper - INFO - Znaleziono cenę dla PB95: 5.83
2025-05-23 04:42:35,889 - fuel_prices_scraper - INFO - Znaleziono cenę dla PB98: 6.65
2025-05-23 04:42:35,889 - fuel_prices_scraper - INFO - Znaleziono cenę dla ON: 5.87
2025-05-23 04:42:35,889 - fuel_prices_scraper - INFO - Znaleziono cenę dla LPG: 3.03
2025-05-23 04:42:35,889 - fuel_prices_scraper - INFO - Pobieranie danych dla województwa: lubelskie
2025-05-23 04:42:37,011 - fuel_prices_scraper - INFO - Znaleziono cenę dla PB95: 5.84
2025-05-23 04:42:37,011 - fuel_prices_scraper - INFO - Znaleziono cenę dla PB98: 6.66
2025-05-23 04:42:37,011 - fuel_prices_scraper - INFO - Znaleziono cenę dla ON: 5.86
2025-05-23 04:42:37,011 - fuel_prices_scraper - INFO - Znaleziono cenę dla LPG: 2.97
2025-05-23 04:42:37,011 - fuel_prices_scraper - INFO - Pobieranie danych dla województwa: lubuskie
2025-05-23 04:42:38,135 - fuel_prices_scraper - INFO - Znaleziono cenę dla PB95: 5.68
2025-05-23 04:42:38,135 - fuel_prices_scraper - INFO - Znaleziono cenę dla PB98: 6.36
2025-05-23 04:42:38,135 - fuel_prices_scraper - INFO - Znaleziono cenę dla ON: 5.65
2025-05-23 04:42:38,135 - fuel_prices_scraper - INFO - Znaleziono cenę dla LPG: 3.05
2025-05-23 04:42:38,135 - fuel_prices_scraper - INFO - Pobieranie danych dla województwa: lodzkie
2025-05-23 04:42:39,228 - fuel_prices_scraper - INFO - Znaleziono cenę dla PB95: 5.68
2025-05-23 04:42:39,228 - fuel_prices_scraper - INFO - Znaleziono cenę dla PB98: 6.4
2025-05-23 04:42:39,228 - fuel_prices_scraper - INFO - Znaleziono cenę dla ON: 5.67
2025-05-23 04:42:39,228 - fuel_prices_scraper - INFO - Znaleziono cenę dla LPG: 2.9
2025-05-23 04:42:39,228 - fuel_prices_scraper - INFO - Pobieranie danych dla województwa: malopolskie
2025-05-23 04:42:40,327 - fuel_prices_scraper - INFO - Znaleziono cenę dla PB95: 5.64
2025-05-23 04:42:40,327 - fuel_prices_scraper - INFO - Znaleziono cenę dla PB98: 6.44
2025-05-23 04:42:40,327 - fuel_prices_scraper - INFO - Znaleziono cenę dla ON: 5.69
2025-05-23 04:42:40,327 - fuel_prices_scraper - INFO - Znaleziono cenę dla LPG: 2.82
2025-05-23 04:42:40,327 - fuel_prices_scraper - INFO - Pobieranie danych dla województwa: mazowieckie
2025-05-23 04:42:41,379 - fuel_prices_scraper - INFO - Znaleziono cenę dla PB95: 5.92
2025-05-23 04:42:41,379 - fuel_prices_scraper - INFO - Znaleziono cenę dla PB98: 6.71
2025-05-23 04:42:41,380 - fuel_prices_scraper - INFO - Znaleziono cenę dla ON: 5.89
2025-05-23 04:42:41,380 - fuel_prices_scraper - INFO - Znaleziono cenę dla LPG: 2.98
2025-05-23 04:42:41,380 - fuel_prices_scraper - INFO - Pobieranie danych dla województwa: opolskie
2025-05-23 04:42:42,503 - fuel_prices_scraper - INFO - Znaleziono cenę dla PB95: 5.77
2025-05-23 04:42:42,503 - fuel_prices_scraper - INFO - Znaleziono cenę dla PB98: 6.52
2025-05-23 04:42:42,503 - fuel_prices_scraper - INFO - Znaleziono cenę dla ON: 5.83
2025-05-23 04:42:42,503 - fuel_prices_scraper - INFO - Znaleziono cenę dla LPG: 2.99
2025-05-23 04:42:42,503 - fuel_prices_scraper - INFO - Pobieranie danych dla województwa: podkarpackie
2025-05-23 04:42:43,598 - fuel_prices_scraper - INFO - Znaleziono cenę dla PB95: 5.66
2025-05-23 04:42:43,599 - fuel_prices_scraper - INFO - Znaleziono cenę dla PB98: 6.45
2025-05-23 04:42:43,599 - fuel_prices_scraper - INFO - Znaleziono cenę dla ON: 5.69
2025-05-23 04:42:43,599 - fuel_prices_scraper - INFO - Znaleziono cenę dla LPG: 2.93
2025-05-23 04:42:43,599 - fuel_prices_scraper - INFO - Pobieranie danych dla województwa: podlaskie
2025-05-23 04:42:44,687 - fuel_prices_scraper - INFO - Znaleziono cenę dla PB95: 5.88
2025-05-23 04:42:44,687 - fuel_prices_scraper - INFO - Znaleziono cenę dla PB98: 6.66
2025-05-23 04:42:44,687 - fuel_prices_scraper - INFO - Znaleziono cenę dla ON: 5.89
2025-05-23 04:42:44,688 - fuel_prices_scraper - INFO - Znaleziono cenę dla LPG: 3.0
2025-05-23 04:42:44,688 - fuel_prices_scraper - INFO - Pobieranie danych dla województwa: pomorskie
2025-05-23 04:42:45,790 - fuel_prices_scraper - INFO - Znaleziono cenę dla PB95: 5.74
2025-05-23 04:42:45,790 - fuel_prices_scraper - INFO - Znaleziono cenę dla PB98: 6.53
2025-05-23 04:42:45,790 - fuel_prices_scraper - INFO - Znaleziono cenę dla ON: 5.85
2025-05-23 04:42:45,791 - fuel_prices_scraper - INFO - Znaleziono cenę dla LPG: 2.91
2025-05-23 04:42:45,791 - fuel_prices_scraper - INFO - Pobieranie danych dla województwa: slaskie
2025-05-23 04:42:46,877 - fuel_prices_scraper - INFO - Znaleziono cenę dla PB95: 5.68
2025-05-23 04:42:46,877 - fuel_prices_scraper - INFO - Znaleziono cenę dla PB98: 6.45
2025-05-23 04:42:46,877 - fuel_prices_scraper - INFO - Znaleziono cenę dla ON: 5.73
2025-05-23 04:42:46,877 - fuel_prices_scraper - INFO - Znaleziono cenę dla LPG: 2.83
2025-05-23 04:42:46,878 - fuel_prices_scraper - INFO - Pobieranie danych dla województwa: swietokrzyskie
2025-05-23 04:42:48,031 - fuel_prices_scraper - INFO - Znaleziono cenę dla PB95: 5.77
2025-05-23 04:42:48,031 - fuel_prices_scraper - INFO - Znaleziono cenę dla PB98: 6.45
2025-05-23 04:42:48,031 - fuel_prices_scraper - INFO - Znaleziono cenę dla ON: 5.77
2025-05-23 04:42:48,031 - fuel_prices_scraper - INFO - Znaleziono cenę dla LPG: 2.86
2025-05-23 04:42:48,031 - fuel_prices_scraper - INFO - Pobieranie danych dla województwa: warminsko-mazurskie
2025-05-23 04:42:49,153 - fuel_prices_scraper - INFO - Znaleziono cenę dla PB95: 5.7
2025-05-23 04:42:49,153 - fuel_prices_scraper - INFO - Znaleziono cenę dla PB98: 6.37
2025-05-23 04:42:49,153 - fuel_prices_scraper - INFO - Znaleziono cenę dla ON: 5.68
2025-05-23 04:42:49,153 - fuel_prices_scraper - INFO - Znaleziono cenę dla LPG: 2.84
2025-05-23 04:42:49,153 - fuel_prices_scraper - INFO - Pobieranie danych dla województwa: wielkopolskie
2025-05-23 04:42:50,289 - fuel_prices_scraper - INFO - Znaleziono cenę dla PB95: 5.74
2025-05-23 04:42:50,289 - fuel_prices_scraper - INFO - Znaleziono cenę dla PB98: 6.55
2025-05-23 04:42:50,289 - fuel_prices_scraper - INFO - Znaleziono cenę dla ON: 5.8
2025-05-23 04:42:50,290 - fuel_prices_scraper - INFO - Znaleziono cenę dla LPG: 2.92
2025-05-23 04:42:50,290 - fuel_prices_scraper - INFO - Pobieranie danych dla województwa: zachodniopomorskie
2025-05-23 04:42:51,379 - fuel_prices_scraper - INFO - Znaleziono cenę dla PB95: 5.7
2025-05-23 04:42:51,379 - fuel_prices_scraper - INFO - Znaleziono cenę dla PB98: 6.47
2025-05-23 04:42:51,379 - fuel_prices_scraper - INFO - Znaleziono cenę dla ON: 5.7
2025-05-23 04:42:51,379 - fuel_prices_scraper - INFO - Znaleziono cenę dla LPG: 3.05
2025-05-23 04:42:51,380 - fuel_prices_scraper - INFO - Dane zostały zapisane do pliku data/latest.json
2025-05-23 15:14:00,910 - fuel_prices_scraper - INFO - Rozpoczynam pobieranie cen paliw
2025-05-23 15:14:00,910 - fuel_prices_scraper - INFO - Pobieranie daty z krajowej strony cen paliw
2025-05-23 15:14:02,008 - fuel_prices_scraper - INFO - Znaleziono datę krajową: 2025-05-22
2025-05-23 15:14:02,008 - fuel_prices_scraper - INFO - Pobieranie danych dla województwa: dolnoslaskie
2025-05-23 15:14:03,095 - fuel_prices_scraper - INFO - Znaleziono cenę dla PB95: 5.78
2025-05-23 15:14:03,095 - fuel_prices_scraper - INFO - Znaleziono cenę dla PB98: 6.56
2025-05-23 15:14:03,095 - fuel_prices_scraper - INFO - Znaleziono cenę dla ON: 5.8
2025-05-23 15:14:03,095 - fuel_prices_scraper - INFO - Znaleziono cenę dla LPG: 3.02
2025-05-23 15:14:03,095 - fuel_prices_scraper - INFO - Pobieranie danych dla województwa: kujawsko-pomorskie
2025-05-23 15:14:04,181 - fuel_prices_scraper - INFO - Znaleziono cenę dla PB95: 5.86
2025-05-23 15:14:04,182 - fuel_prices_scraper - INFO - Znaleziono cenę dla PB98: 6.69
2025-05-23 15:14:04,182 - fuel_prices_scraper - INFO - Znaleziono cenę dla ON: 5.85
2025-05-23 15:14:04,182 - fuel_prices_scraper - INFO - Znaleziono cenę dla LPG: 2.98
2025-05-23 15:14:04,182 - fuel_prices_scraper - INFO - Pobieranie danych dla województwa: lubelskie
2025-05-23 15:14:05,133 - fuel_prices_scraper - INFO - Znaleziono cenę dla PB95: 5.85
2025-05-23 15:14:05,134 - fuel_prices_scraper - INFO - Znaleziono cenę dla PB98: 6.67
2025-05-23 15:14:05,134 - fuel_prices_scraper - INFO - Znaleziono cenę dla ON: 5.87
2025-05-23 15:14:05,134 - fuel_prices_scraper - INFO - Znaleziono cenę dla LPG: 2.96
2025-05-23 15:14:05,134 - fuel_prices_scraper - INFO - Pobieranie danych dla województwa: lubuskie
2025-05-23 15:14:06,065 - fuel_prices_scraper - INFO - Znaleziono cenę dla PB95: 5.71
2025-05-23 15:14:06,066 - fuel_prices_scraper - INFO - Znaleziono cenę dla PB98: 6.39
2025-05-23 15:14:06,066 - fuel_prices_scraper - INFO - Znaleziono cenę dla ON: 5.62
2025-05-23 15:14:06,066 - fuel_prices_scraper - INFO - Znaleziono cenę dla LPG: 3.01
2025-05-23 15:14:06,066 - fuel_prices_scraper - INFO - Pobieranie danych dla województwa: lodzkie
2025-05-23 15:14:07,164 - fuel_prices_scraper - INFO - Znaleziono cenę dla PB95: 5.7
2025-05-23 15:14:07,164 - fuel_prices_scraper - INFO - Znaleziono cenę dla PB98: 6.4
2025-05-23 15:14:07,164 - fuel_prices_scraper - INFO - Znaleziono cenę dla ON: 5.65
2025-05-23 15:14:07,164 - fuel_prices_scraper - INFO - Znaleziono cenę dla LPG: 2.86
2025-05-23 15:14:07,164 - fuel_prices_scraper - INFO - Pobieranie danych dla województwa: malopolskie
2025-05-23 15:14:08,154 - fuel_prices_scraper - INFO - Znaleziono cenę dla PB95: 5.68
2025-05-23 15:14:08,154 - fuel_prices_scraper - INFO - Znaleziono cenę dla PB98: 6.46
2025-05-23 15:14:08,154 - fuel_prices_scraper - INFO - Znaleziono cenę dla ON: 5.66
2025-05-23 15:14:08,155 - fuel_prices_scraper - INFO - Znaleziono cenę dla LPG: 2.78
2025-05-23 15:14:08,155 - fuel_prices_scraper - INFO - Pobieranie danych dla województwa: mazowieckie
2025-05-23 15:14:09,140 - fuel_prices_scraper - INFO - Znaleziono cenę dla PB95: 5.97
2025-05-23 15:14:09,141 - fuel_prices_scraper - INFO - Znaleziono cenę dla PB98: 6.71
2025-05-23 15:14:09,141 - fuel_prices_scraper - INFO - Znaleziono cenę dla ON: 5.87
2025-05-23 15:14:09,141 - fuel_prices_scraper - INFO - Znaleziono cenę dla LPG: 2.96
2025-05-23 15:14:09,141 - fuel_prices_scraper - INFO - Pobieranie danych dla województwa: opolskie
2025-05-23 15:14:10,052 - fuel_prices_scraper - INFO - Znaleziono cenę dla PB95: 5.85
2025-05-23 15:14:10,052 - fuel_prices_scraper - INFO - Znaleziono cenę dla PB98: 6.54
2025-05-23 15:14:10,053 - fuel_prices_scraper - INFO - Znaleziono cenę dla ON: 5.81
2025-05-23 15:14:10,053 - fuel_prices_scraper - INFO - Znaleziono cenę dla LPG: 2.96
2025-05-23 15:14:10,053 - fuel_prices_scraper - INFO - Pobieranie danych dla województwa: podkarpackie
2025-05-23 15:14:11,138 - fuel_prices_scraper - INFO - Znaleziono cenę dla PB95: 5.7
2025-05-23 15:14:11,138 - fuel_prices_scraper - INFO - Znaleziono cenę dla PB98: 6.45
2025-05-23 15:14:11,139 - fuel_prices_scraper - INFO - Znaleziono cenę dla ON: 5.67
2025-05-23 15:14:11,139 - fuel_prices_scraper - INFO - Znaleziono cenę dla LPG: 2.86
2025-05-23 15:14:11,139 - fuel_prices_scraper - INFO - Pobieranie danych dla województwa: podlaskie
2025-05-23 15:14:12,049 - fuel_prices_scraper - INFO - Znaleziono cenę dla PB95: 5.91
2025-05-23 15:14:12,050 - fuel_prices_scraper - INFO - Znaleziono cenę dla PB98: 6.7
2025-05-23 15:14:12,050 - fuel_prices_scraper - INFO - Znaleziono cenę dla ON: 5.87
2025-05-23 15:14:12,050 - fuel_prices_scraper - INFO - Znaleziono cenę dla LPG: 2.99
2025-05-23 15:14:12,050 - fuel_prices_scraper - INFO - Pobieranie danych dla województwa: pomorskie
2025-05-23 15:14:13,008 - fuel_prices_scraper - INFO - Znaleziono cenę dla PB95: 5.75
2025-05-23 15:14:13,008 - fuel_prices_scraper - INFO - Znaleziono cenę dla PB98: 6.43
2025-05-23 15:14:13,008 - fuel_prices_scraper - INFO - Znaleziono cenę dla ON: 5.83
2025-05-23 15:14:13,008 - fuel_prices_scraper - INFO - Znaleziono cenę dla LPG: 2.87
2025-05-23 15:14:13,009 - fuel_prices_scraper - INFO - Pobieranie danych dla województwa: slaskie
2025-05-23 15:14:13,906 - fuel_prices_scraper - INFO - Znaleziono cenę dla PB95: 5.68
2025-05-23 15:14:13,906 - fuel_prices_scraper - INFO - Znaleziono cenę dla PB98: 6.46
2025-05-23 15:14:13,906 - fuel_prices_scraper - INFO - Znaleziono cenę dla ON: 5.7
2025-05-23 15:14:13,906 - fuel_prices_scraper - INFO - Znaleziono cenę dla LPG: 2.82
2025-05-23 15:14:13,906 - fuel_prices_scraper - INFO - Pobieranie danych dla województwa: swietokrzyskie
2025-05-23 15:14:14,872 - fuel_prices_scraper - INFO - Znaleziono cenę dla PB95: 5.74
2025-05-23 15:14:14,872 - fuel_prices_scraper - INFO - Znaleziono cenę dla PB98: 6.46
2025-05-23 15:14:14,872 - fuel_prices_scraper - INFO - Znaleziono cenę dla ON: 5.72
2025-05-23 15:14:14,872 - fuel_prices_scraper - INFO - Znaleziono cenę dla LPG: 2.8
2025-05-23 15:14:14,873 - fuel_prices_scraper - INFO - Pobieranie danych dla województwa: warminsko-mazurskie
2025-05-23 15:14:15,949 - fuel_prices_scraper - INFO - Znaleziono cenę dla PB95: 5.73
2025-05-23 15:14:15,949 - fuel_prices_scraper - INFO - Znaleziono cenę dla PB98: 6.36
2025-05-23 15:14:15,950 - fuel_prices_scraper - INFO - Znaleziono cenę dla ON: 5.63
2025-05-23 15:14:15,950 - fuel_prices_scraper - INFO - Znaleziono cenę dla LPG: 2.77
2025-05-23 15:14:15,950 - fuel_prices_scraper - INFO - Pobieranie danych dla województwa: wielkopolskie
2025-05-23 15:14:16,969 - fuel_prices_scraper - INFO - Znaleziono cenę dla PB95: 5.75
2025-05-23 15:14:16,969 - fuel_prices_scraper - INFO - Znaleziono cenę dla PB98: 6.54
2025-05-23 15:14:16,969 - fuel_prices_scraper - INFO - Znaleziono cenę dla ON: 5.75
2025-05-23 15:14:16,969 - fuel_prices_scraper - INFO - Znaleziono cenę dla LPG: 2.88
2025-05-23 15:14:16,970 - fuel_prices_scraper - INFO - Pobieranie danych dla województwa: zachodniopomorskie
2025-05-23 15:14:17,946 - fuel_prices_scraper - INFO - Znaleziono cenę dla PB95: 5.72
2025-05-23 15:14:17,946 - fuel_prices_scraper - INFO - Znaleziono cenę dla PB98: 6.41
2025-05-23 15:14:17,947 - fuel_prices_scraper - INFO - Znaleziono cenę dla ON: 5.68
2025-05-23 15:14:17,947 - fuel_prices_scraper - INFO - Znaleziono cenę dla LPG: 3.05
2025-05-23 15:14:17,948 - fuel_prices_scraper - INFO - Dane zostały zapisane do pliku data/latest.json
